<?xml version="1.0" encoding="UTF-8"?>
<!-- Generated by org.testng.reporters.JUnitXMLReporter -->
<testsuite ignored="0" hostname="DESKTOP-OJU0P6V" failures="0" tests="6" name="Default test" time="7.254" errors="0" timestamp="2024-02-17T08:30:12 IST">
  <testcase classname="com.qa.tests.Neptuno" name="Token" time="2.269"/>
  <testcase classname="com.qa.tests.Neptuno" name="ShipOwn" time="1.501"/>
  <testcase classname="com.qa.tests.Neptuno" name="getTickets" time="0.646"/>
  <testcase classname="com.qa.tests.Neptuno" name="getShipFees" time="1.11"/>
  <testcase classname="com.qa.tests.Neptuno" name="TicketTransaction" time="0.599"/>
  <testcase classname="com.qa.tests.Neptuno" name="reportShipRenewal" time="1.016"/>
</testsuite> <!-- Default test -->
