<?xml version="1.0" encoding="UTF-8"?>
<testng-results ignored="0" total="6" passed="6" failed="0" skipped="0">
  <reporter-output>
  </reporter-output>
  <suite started-at="2024-02-17T08:30:05 IST" name="Default suite" finished-at="2024-02-17T08:30:12 IST" duration-ms="7254">
    <groups>
    </groups>
    <test started-at="2024-02-17T08:30:05 IST" name="Default test" finished-at="2024-02-17T08:30:12 IST" duration-ms="7254">
      <class name="com.qa.tests.Neptuno">
        <test-method is-config="true" signature="setup()[pri:0, instance:com.qa.tests.Neptuno@50ad3bc1]" started-at="2024-02-17T08:30:05 IST" name="setup" finished-at="2024-02-17T08:30:05 IST" duration-ms="4" status="PASS">
          <reporter-output>
          </reporter-output>
        </test-method> <!-- setup -->
        <test-method signature="Token()[pri:1, instance:com.qa.tests.Neptuno@50ad3bc1]" started-at="2024-02-17T08:30:05 IST" name="Token" finished-at="2024-02-17T08:30:07 IST" duration-ms="2269" status="PASS">
          <reporter-output>
          </reporter-output>
        </test-method> <!-- Token -->
        <test-method is-config="true" signature="setup()[pri:0, instance:com.qa.tests.Neptuno@50ad3bc1]" started-at="2024-02-17T08:30:07 IST" name="setup" finished-at="2024-02-17T08:30:07 IST" duration-ms="1" status="PASS">
          <reporter-output>
          </reporter-output>
        </test-method> <!-- setup -->
        <test-method signature="ShipOwn()[pri:2, instance:com.qa.tests.Neptuno@50ad3bc1]" started-at="2024-02-17T08:30:07 IST" name="ShipOwn" finished-at="2024-02-17T08:30:08 IST" duration-ms="1501" status="PASS">
          <reporter-output>
          </reporter-output>
        </test-method> <!-- ShipOwn -->
        <test-method is-config="true" signature="setup()[pri:0, instance:com.qa.tests.Neptuno@50ad3bc1]" started-at="2024-02-17T08:30:08 IST" name="setup" finished-at="2024-02-17T08:30:08 IST" duration-ms="2" status="PASS">
          <reporter-output>
          </reporter-output>
        </test-method> <!-- setup -->
        <test-method signature="getTickets()[pri:3, instance:com.qa.tests.Neptuno@50ad3bc1]" started-at="2024-02-17T08:30:08 IST" name="getTickets" finished-at="2024-02-17T08:30:09 IST" duration-ms="646" status="PASS">
          <reporter-output>
          </reporter-output>
        </test-method> <!-- getTickets -->
        <test-method is-config="true" signature="setup()[pri:0, instance:com.qa.tests.Neptuno@50ad3bc1]" started-at="2024-02-17T08:30:09 IST" name="setup" finished-at="2024-02-17T08:30:09 IST" duration-ms="1" status="PASS">
          <reporter-output>
          </reporter-output>
        </test-method> <!-- setup -->
        <test-method signature="getShipFees()[pri:4, instance:com.qa.tests.Neptuno@50ad3bc1]" started-at="2024-02-17T08:30:09 IST" name="getShipFees" finished-at="2024-02-17T08:30:10 IST" duration-ms="1110" status="PASS">
          <reporter-output>
          </reporter-output>
        </test-method> <!-- getShipFees -->
        <test-method is-config="true" signature="setup()[pri:0, instance:com.qa.tests.Neptuno@50ad3bc1]" started-at="2024-02-17T08:30:10 IST" name="setup" finished-at="2024-02-17T08:30:10 IST" duration-ms="2" status="PASS">
          <reporter-output>
          </reporter-output>
        </test-method> <!-- setup -->
        <test-method signature="TicketTransaction()[pri:5, instance:com.qa.tests.Neptuno@50ad3bc1]" started-at="2024-02-17T08:30:10 IST" name="TicketTransaction" finished-at="2024-02-17T08:30:11 IST" duration-ms="599" status="PASS">
          <reporter-output>
          </reporter-output>
        </test-method> <!-- TicketTransaction -->
        <test-method is-config="true" signature="setup()[pri:0, instance:com.qa.tests.Neptuno@50ad3bc1]" started-at="2024-02-17T08:30:11 IST" name="setup" finished-at="2024-02-17T08:30:11 IST" duration-ms="2" status="PASS">
          <reporter-output>
          </reporter-output>
        </test-method> <!-- setup -->
        <test-method signature="reportShipRenewal()[pri:6, instance:com.qa.tests.Neptuno@50ad3bc1]" started-at="2024-02-17T08:30:11 IST" name="reportShipRenewal" finished-at="2024-02-17T08:30:12 IST" duration-ms="1016" status="PASS">
          <reporter-output>
          </reporter-output>
        </test-method> <!-- reportShipRenewal -->
      </class> <!-- com.qa.tests.Neptuno -->
    </test> <!-- Default test -->
  </suite> <!-- Default suite -->
</testng-results>
