<?xml version="1.0" encoding="UTF-8"?>
<!-- Generated by org.testng.reporters.JUnitXMLReporter -->
<testsuite ignored="0" hostname="DESKTOP-OJU0P6V" failures="0" tests="6" name="ProviderDRNA" time="13.046" errors="0" timestamp="2024-03-02T09:46:52 IST">
  <testcase classname="com.qa.tests.ProviderDRNA" name="Token" time="3.423"/>
  <testcase classname="com.qa.tests.ProviderDRNA" name="ShipOwn" time="2.451"/>
  <testcase classname="com.qa.tests.ProviderDRNA" name="getTickets" time="1.75"/>
  <testcase classname="com.qa.tests.ProviderDRNA" name="getShipFees" time="1.691"/>
  <testcase classname="com.qa.tests.ProviderDRNA" name="TicketTransaction" time="1.788"/>
  <testcase classname="com.qa.tests.ProviderDRNA" name="reportShipRenewal" time="1.831"/>
</testsuite> <!-- ProviderDRNA -->
